# JRE version: Java(TM) SE Runtime Environment (8.0_92-b14) (build 1.8.0_92-b14)
# Java VM: Java HotSpot(TM) 64-Bit Server VM (25.92-b14 mixed mode bsd-amd64 compressed oops)
Heap:
 PSYoungGen      total 34816K, used 2739K [0x0000000795580000, 0x0000000797b00000, 0x00000007c0000000)
  eden space 32256K, 2% used [0x0000000795580000,0x0000000795624fb8,0x0000000797500000)
  from space 2560K, 81% used [0x0000000797880000,0x0000000797a88000,0x0000000797b00000)
  to   space 3072K, 0% used [0x0000000797500000,0x0000000797500000,0x0000000797800000)
 ParOldGen       total 87552K, used 56K [0x0000000740000000, 0x0000000745580000, 0x0000000795580000)
  object space 87552K, 0% used [0x0000000740000000,0x000000074000e000,0x0000000745580000)
 Metaspace       used 11633K, capacity 11760K, committed 12032K, reserved 1060864K
  class space    used 1369K, capacity 1420K, committed 1536K, reserved 1048576K
GC Heap History (10 events):
Event: 8828.601 GC heap before
{Heap before GC invocations=2 (full 0):
 PSYoungGen      total 38400K, used 35895K [0x0000000795580000, 0x0000000798000000, 0x00000007c0000000)
  eden space 33280K, 100% used [0x0000000795580000,0x0000000797600000,0x0000000797600000)
  from space 5120K, 51% used [0x0000000797600000,0x000000079788de90,0x0000000797b00000)
  to   space 5120K, 0% used [0x0000000797b00000,0x0000000797b00000,0x0000000798000000)
 ParOldGen       total 87552K, used 24K [0x0000000740000000, 0x0000000745580000, 0x0000000795580000)
  object space 87552K, 0% used [0x0000000740000000,0x0000000740006000,0x0000000745580000)
 Metaspace       used 11609K, capacity 11760K, committed 12032K, reserved 1060864K
  class space    used 1365K, capacity 1420K, committed 1536K, reserved 1048576K
Event: 8828.608 GC heap after
Heap after GC invocations=2 (full 0):
 PSYoungGen      total 38400K, used 2080K [0x0000000795580000, 0x0000000798000000, 0x00000007c0000000)
  eden space 33280K, 0% used [0x0000000795580000,0x0000000795580000,0x0000000797600000)
  from space 5120K, 40% used [0x0000000797b00000,0x0000000797d08000,0x0000000798000000)
  to   space 5120K, 0% used [0x0000000797600000,0x0000000797600000,0x0000000797b00000)
 ParOldGen       total 87552K, used 32K [0x0000000740000000, 0x0000000745580000, 0x0000000795580000)
  object space 87552K, 0% used [0x0000000740000000,0x0000000740008000,0x0000000745580000)
 Metaspace       used 11609K, capacity 11760K, committed 12032K, reserved 1060864K
  class space    used 1365K, capacity 1420K, committed 1536K, reserved 1048576K
}
Event: 14139.817 GC heap before
{Heap before GC invocations=3 (full 0):
 PSYoungGen      total 38400K, used 35360K [0x0000000795580000, 0x0000000798000000, 0x00000007c0000000)
  eden space 33280K, 100% used [0x0000000795580000,0x0000000797600000,0x0000000797600000)
  from space 5120K, 40% used [0x0000000797b00000,0x0000000797d08000,0x0000000798000000)
  to   space 5120K, 0% used [0x0000000797600000,0x0000000797600000,0x0000000797b00000)
 ParOldGen       total 87552K, used 32K [0x0000000740000000, 0x0000000745580000, 0x0000000795580000)
  object space 87552K, 0% used [0x0000000740000000,0x0000000740008000,0x0000000745580000)
 Metaspace       used 11611K, capacity 11760K, committed 12032K, reserved 1060864K
  class space    used 1365K, capacity 1420K, committed 1536K, reserved 1048576K
Event: 14139.824 GC heap after
Heap after GC invocations=3 (full 0):
 PSYoungGen      total 38400K, used 2048K [0x0000000795580000, 0x0000000798000000, 0x00000007c0000000)
  eden space 33280K, 0% used [0x0000000795580000,0x0000000795580000,0x0000000797600000)
  from space 5120K, 40% used [0x0000000797600000,0x0000000797800000,0x0000000797b00000)
  to   space 5120K, 0% used [0x0000000797b00000,0x0000000797b00000,0x0000000798000000)
 ParOldGen       total 87552K, used 40K [0x0000000740000000, 0x0000000745580000, 0x0000000795580000)
  object space 87552K, 0% used [0x0000000740000000,0x000000074000a000,0x0000000745580000)
 Metaspace       used 11611K, capacity 11760K, committed 12032K, reserved 1060864K
  class space    used 1365K, capacity 1420K, committed 1536K, reserved 1048576K
}
Event: 19502.396 GC heap before
{Heap before GC invocations=4 (full 0):
 PSYoungGen      total 38400K, used 35328K [0x0000000795580000, 0x0000000798000000, 0x00000007c0000000)
  eden space 33280K, 100% used [0x0000000795580000,0x0000000797600000,0x0000000797600000)
  from space 5120K, 40% used [0x0000000797600000,0x0000000797800000,0x0000000797b00000)
  to   space 5120K, 0% used [0x0000000797b00000,0x0000000797b00000,0x0000000798000000)
 ParOldGen       total 87552K, used 40K [0x0000000740000000, 0x0000000745580000, 0x0000000795580000)
  object space 87552K, 0% used [0x0000000740000000,0x000000074000a000,0x0000000745580000)
 Metaspace       used 11611K, capacity 11760K, committed 12032K, reserved 1060864K
  class space    used 1365K, capacity 1420K, committed 1536K, reserved 1048576K
Event: 19502.402 GC heap after
Heap after GC invocations=4 (full 0):
 PSYoungGen      total 38400K, used 2016K [0x0000000795580000, 0x0000000798000000, 0x00000007c0000000)
  eden space 33280K, 0% used [0x0000000795580000,0x0000000795580000,0x0000000797600000)
  from space 5120K, 39% used [0x0000000797b00000,0x0000000797cf8020,0x0000000798000000)
  to   space 5120K, 0% used [0x0000000797600000,0x0000000797600000,0x0000000797b00000)
 ParOldGen       total 87552K, used 40K [0x0000000740000000, 0x0000000745580000, 0x0000000795580000)
  object space 87552K, 0% used [0x0000000740000000,0x000000074000a000,0x0000000745580000)
 Metaspace       used 11611K, capacity 11760K, committed 12032K, reserved 1060864K
  class space    used 1365K, capacity 1420K, committed 1536K, reserved 1048576K
}
Event: 24528.083 GC heap before
{Heap before GC invocations=5 (full 0):
 PSYoungGen      total 38400K, used 35296K [0x0000000795580000, 0x0000000798000000, 0x00000007c0000000)
  eden space 33280K, 100% used [0x0000000795580000,0x0000000797600000,0x0000000797600000)
  from space 5120K, 39% used [0x0000000797b00000,0x0000000797cf8020,0x0000000798000000)
  to   space 5120K, 0% used [0x0000000797600000,0x0000000797600000,0x0000000797b00000)
 ParOldGen       total 87552K, used 40K [0x0000000740000000, 0x0000000745580000, 0x0000000795580000)
  object space 87552K, 0% used [0x0000000740000000,0x000000074000a000,0x0000000745580000)
 Metaspace       used 11633K, capacity 11760K, committed 12032K, reserved 1060864K
  class space    used 1369K, capacity 1420K, committed 1536K, reserved 1048576K
Event: 24528.106 GC heap after
Heap after GC invocations=5 (full 0):
 PSYoungGen      total 35328K, used 2258K [0x0000000795580000, 0x0000000797b80000, 0x00000007c0000000)
  eden space 32768K, 0% used [0x0000000795580000,0x0000000795580000,0x0000000797580000)
  from space 2560K, 88% used [0x0000000797600000,0x0000000797834b90,0x0000000797880000)
  to   space 3072K, 0% used [0x0000000797880000,0x0000000797880000,0x0000000797b80000)
 ParOldGen       total 87552K, used 48K [0x0000000740000000, 0x0000000745580000, 0x0000000795580000)
  object space 87552K, 0% used [0x0000000740000000,0x000000074000c000,0x0000000745580000)
 Metaspace       used 11633K, capacity 11760K, committed 12032K, reserved 1060864K
  class space    used 1369K, capacity 1420K, committed 1536K, reserved 1048576K
}
Event: 29871.971 GC heap before
{Heap before GC invocations=6 (full 0):
 PSYoungGen      total 35328K, used 35026K [0x0000000795580000, 0x0000000797b80000, 0x00000007c0000000)
  eden space 32768K, 100% used [0x0000000795580000,0x0000000797580000,0x0000000797580000)
  from space 2560K, 88% used [0x0000000797600000,0x0000000797834b90,0x0000000797880000)
  to   space 3072K, 0% used [0x0000000797880000,0x0000000797880000,0x0000000797b80000)
 ParOldGen       total 87552K, used 48K [0x0000000740000000, 0x0000000745580000, 0x0000000795580000)
  object space 87552K, 0% used [0x0000000740000000,0x000000074000c000,0x0000000745580000)
 Metaspace       used 11633K, capacity 11760K, committed 12032K, reserved 1060864K
  class space    used 1369K, capacity 1420K, committed 1536K, reserved 1048576K
Event: 29871.990 GC heap after
Heap after GC invocations=6 (full 0):
 PSYoungGen      total 34816K, used 2080K [0x0000000795580000, 0x0000000797b00000, 0x00000007c0000000)
  eden space 32256K, 0% used [0x0000000795580000,0x0000000795580000,0x0000000797500000)
  from space 2560K, 81% used [0x0000000797880000,0x0000000797a88000,0x0000000797b00000)
  to   space 3072K, 0% used [0x0000000797500000,0x0000000797500000,0x0000000797800000)
 ParOldGen       total 87552K, used 56K [0x0000000740000000, 0x0000000745580000, 0x0000000795580000)
  object space 87552K, 0% used [0x0000000740000000,0x000000074000e000,0x0000000745580000)
 Metaspace       used 11633K, capacity 11760K, committed 12032K, reserved 1060864K
  class space    used 1369K, capacity 1420K, committed 1536K, reserved 1048576K
}

